<?xml version="1.0" encoding="UTF-8"?>
<!-- Generated by org.testng.reporters.JUnitReportReporter -->
<testsuite skipped="0" hostname="Nikhils-MacBook-Pro.local" name="org.neptune.service.tests.TestNGDemo" tests="5" failures="0" timestamp="02 Dec 2017 18:30:23 GMT" time="0.615" errors="0">
  <testcase name="save_invalidLastName_Test" time="0.002" classname="org.neptune.service.tests.TestNGDemo"/>
  <testcase name="save_invalidUserId_Test" time="0.592" classname="org.neptune.service.tests.TestNGDemo"/>
  <testcase name="save_invalidEmail_Test" time="0.002" classname="org.neptune.service.tests.TestNGDemo"/>
  <testcase name="save_UserAlreadyExistsException_Test" time="0.017" classname="org.neptune.service.tests.TestNGDemo"/>
  <testcase name="save_invalidFirstName_Test" time="0.002" classname="org.neptune.service.tests.TestNGDemo"/>
</testsuite> <!-- org.neptune.service.tests.TestNGDemo -->
